e:\obspl\obs-studio-master\plugins\live2d-plugin\gl\glew\glew_s.dir\debug\glew_s.pdb
e:\obspl\obs-studio-master\plugins\live2d-plugin\gl\glew\glew_s.dir\debug\glew.obj
e:\obs\obs-studio-master\plugins\bongobs-cat\gl\glew\glew_s.dir\debug\glew_s.pdb
e:\obs\obs-studio-master\plugins\bongobs-cat\gl\glew\glew_s.dir\debug\glew.obj
e:\obs\obs-studio-master\plugins\bongobs-cat\gl\glew\cmakefiles\generate.stamp
e:\obspl\build\lib\debug\libglew32d.lib
e:\obs\build\lib\debug\libglew32d.lib
e:\obspl\obs-studio-master\plugins\live2d-plugin\gl\glew\glew_s.dir\debug\glew.res
e:\obs\obs-studio-master\plugins\bongobs-cat\gl\glew\glew_s.dir\debug\glew.res
e:\obs\obs-studio-master\plugins\bongobs-cat\gl\glew\glew_s.dir\debug\glew_s.tlog\cl.command.1.tlog
e:\obs\obs-studio-master\plugins\bongobs-cat\gl\glew\glew_s.dir\debug\glew_s.tlog\cl.read.1.tlog
e:\obs\obs-studio-master\plugins\bongobs-cat\gl\glew\glew_s.dir\debug\glew_s.tlog\cl.write.1.tlog
e:\obs\obs-studio-master\plugins\bongobs-cat\gl\glew\glew_s.dir\debug\glew_s.tlog\custombuild.command.1.tlog
e:\obs\obs-studio-master\plugins\bongobs-cat\gl\glew\glew_s.dir\debug\glew_s.tlog\custombuild.read.1.tlog
e:\obs\obs-studio-master\plugins\bongobs-cat\gl\glew\glew_s.dir\debug\glew_s.tlog\custombuild.write.1.tlog
e:\obs\obs-studio-master\plugins\bongobs-cat\gl\glew\glew_s.dir\debug\glew_s.tlog\lib-link-cvtres.read.1.tlog
e:\obs\obs-studio-master\plugins\bongobs-cat\gl\glew\glew_s.dir\debug\glew_s.tlog\lib-link-cvtres.write.1.tlog
e:\obs\obs-studio-master\plugins\bongobs-cat\gl\glew\glew_s.dir\debug\glew_s.tlog\lib.command.1.tlog
e:\obs\obs-studio-master\plugins\bongobs-cat\gl\glew\glew_s.dir\debug\glew_s.tlog\rc.command.1.tlog
e:\obs\obs-studio-master\plugins\bongobs-cat\gl\glew\glew_s.dir\debug\glew_s.tlog\rc.read.1.tlog
e:\obs\obs-studio-master\plugins\bongobs-cat\gl\glew\glew_s.dir\debug\glew_s.tlog\rc.write.1.tlog
