e:\obspl\obs-studio-master\plugins\live2d-plugin\gl\glfw\src\glfw.dir\debug\win32_time.obj
e:\obspl\obs-studio-master\plugins\live2d-plugin\gl\glfw\src\glfw.dir\debug\win32_joystick.obj
e:\obspl\obs-studio-master\plugins\live2d-plugin\gl\glfw\src\glfw.dir\debug\egl_context.obj
e:\obspl\obs-studio-master\plugins\live2d-plugin\gl\glfw\src\glfw.dir\debug\vulkan.obj
e:\obspl\obs-studio-master\plugins\live2d-plugin\gl\glfw\src\glfw.dir\debug\win32_monitor.obj
e:\obspl\obs-studio-master\plugins\live2d-plugin\gl\glfw\src\glfw.dir\debug\input.obj
e:\obspl\obs-studio-master\plugins\live2d-plugin\gl\glfw\src\glfw.dir\debug\osmesa_context.obj
e:\obspl\obs-studio-master\plugins\live2d-plugin\gl\glfw\src\glfw.dir\debug\init.obj
e:\obspl\obs-studio-master\plugins\live2d-plugin\gl\glfw\src\glfw.dir\debug\win32_window.obj
e:\obspl\obs-studio-master\plugins\live2d-plugin\gl\glfw\src\glfw.dir\debug\window.obj
e:\obspl\obs-studio-master\plugins\live2d-plugin\gl\glfw\src\glfw.dir\debug\win32_init.obj
e:\obspl\obs-studio-master\plugins\live2d-plugin\gl\glfw\src\glfw.dir\debug\wgl_context.obj
e:\obspl\obs-studio-master\plugins\live2d-plugin\gl\glfw\src\glfw.dir\debug\monitor.obj
e:\obspl\obs-studio-master\plugins\live2d-plugin\gl\glfw\src\glfw.dir\debug\win32_thread.obj
e:\obspl\obs-studio-master\plugins\live2d-plugin\gl\glfw\src\glfw.dir\debug\context.obj
e:\obspl\obs-studio-master\plugins\live2d-plugin\gl\glfw\src\glfw.dir\debug\glfw.pdb
e:\obspl\obs-studio-master\plugins\live2d-plugin\gl\glfw\src\cmakefiles\generate.stamp
e:\obspl\obs-studio-master\plugins\live2d-plugin\gl\glfw\src\debug\glfw3.lib
e:\obspl\obs-studio-master\plugins\live2d-plugin\gl\glfw\src\glfw.dir\debug\glfw.tlog\cl.10772.write.1.tlog
e:\obspl\obs-studio-master\plugins\live2d-plugin\gl\glfw\src\glfw.dir\debug\glfw.tlog\cl.command.1.tlog
e:\obspl\obs-studio-master\plugins\live2d-plugin\gl\glfw\src\glfw.dir\debug\glfw.tlog\cl.read.1.tlog
e:\obspl\obs-studio-master\plugins\live2d-plugin\gl\glfw\src\glfw.dir\debug\glfw.tlog\custombuild.command.1.tlog
e:\obspl\obs-studio-master\plugins\live2d-plugin\gl\glfw\src\glfw.dir\debug\glfw.tlog\custombuild.read.1.tlog
e:\obspl\obs-studio-master\plugins\live2d-plugin\gl\glfw\src\glfw.dir\debug\glfw.tlog\custombuild.write.1.tlog
e:\obspl\obs-studio-master\plugins\live2d-plugin\gl\glfw\src\glfw.dir\debug\glfw.tlog\lib-link.read.1.tlog
e:\obspl\obs-studio-master\plugins\live2d-plugin\gl\glfw\src\glfw.dir\debug\glfw.tlog\lib-link.write.1.tlog
e:\obspl\obs-studio-master\plugins\live2d-plugin\gl\glfw\src\glfw.dir\debug\glfw.tlog\lib.command.1.tlog
