e:\obs\obs-studio-master\plugins\live2d-plugin\gl\glfw\src\glfw.dir\minsizerel\egl_context.obj
e:\obs\obs-studio-master\plugins\live2d-plugin\gl\glfw\src\glfw.dir\minsizerel\win32_joystick.obj
e:\obs\obs-studio-master\plugins\live2d-plugin\gl\glfw\src\glfw.dir\minsizerel\monitor.obj
e:\obs\obs-studio-master\plugins\live2d-plugin\gl\glfw\src\glfw.dir\minsizerel\win32_init.obj
e:\obs\obs-studio-master\plugins\live2d-plugin\gl\glfw\src\glfw.dir\minsizerel\win32_window.obj
e:\obs\obs-studio-master\plugins\live2d-plugin\gl\glfw\src\glfw.dir\minsizerel\window.obj
e:\obs\obs-studio-master\plugins\live2d-plugin\gl\glfw\src\glfw.dir\minsizerel\input.obj
e:\obs\obs-studio-master\plugins\live2d-plugin\gl\glfw\src\glfw.dir\minsizerel\context.obj
e:\obs\obs-studio-master\plugins\live2d-plugin\gl\glfw\src\glfw.dir\minsizerel\wgl_context.obj
e:\obs\obs-studio-master\plugins\live2d-plugin\gl\glfw\src\glfw.dir\minsizerel\win32_thread.obj
e:\obs\obs-studio-master\plugins\live2d-plugin\gl\glfw\src\glfw.dir\minsizerel\win32_monitor.obj
e:\obs\obs-studio-master\plugins\live2d-plugin\gl\glfw\src\glfw.dir\minsizerel\vulkan.obj
e:\obs\obs-studio-master\plugins\live2d-plugin\gl\glfw\src\glfw.dir\minsizerel\osmesa_context.obj
e:\obs\obs-studio-master\plugins\live2d-plugin\gl\glfw\src\glfw.dir\minsizerel\win32_time.obj
e:\obs\obs-studio-master\plugins\live2d-plugin\gl\glfw\src\glfw.dir\minsizerel\init.obj
e:\obspl\obs-studio-master\plugins\live2d-plugin\gl\glfw\src\glfw.dir\minsizerel\win32_joystick.obj
e:\obspl\obs-studio-master\plugins\live2d-plugin\gl\glfw\src\glfw.dir\minsizerel\wgl_context.obj
e:\obspl\obs-studio-master\plugins\live2d-plugin\gl\glfw\src\glfw.dir\minsizerel\win32_time.obj
e:\obspl\obs-studio-master\plugins\live2d-plugin\gl\glfw\src\glfw.dir\minsizerel\vulkan.obj
e:\obspl\obs-studio-master\plugins\live2d-plugin\gl\glfw\src\glfw.dir\minsizerel\window.obj
e:\obspl\obs-studio-master\plugins\live2d-plugin\gl\glfw\src\glfw.dir\minsizerel\egl_context.obj
e:\obspl\obs-studio-master\plugins\live2d-plugin\gl\glfw\src\glfw.dir\minsizerel\win32_thread.obj
e:\obspl\obs-studio-master\plugins\live2d-plugin\gl\glfw\src\glfw.dir\minsizerel\win32_window.obj
e:\obspl\obs-studio-master\plugins\live2d-plugin\gl\glfw\src\glfw.dir\minsizerel\win32_monitor.obj
e:\obspl\obs-studio-master\plugins\live2d-plugin\gl\glfw\src\glfw.dir\minsizerel\monitor.obj
e:\obspl\obs-studio-master\plugins\live2d-plugin\gl\glfw\src\glfw.dir\minsizerel\osmesa_context.obj
e:\obspl\obs-studio-master\plugins\live2d-plugin\gl\glfw\src\glfw.dir\minsizerel\input.obj
e:\obspl\obs-studio-master\plugins\live2d-plugin\gl\glfw\src\glfw.dir\minsizerel\context.obj
e:\obspl\obs-studio-master\plugins\live2d-plugin\gl\glfw\src\glfw.dir\minsizerel\init.obj
e:\obspl\obs-studio-master\plugins\live2d-plugin\gl\glfw\src\glfw.dir\minsizerel\win32_init.obj
e:\obs\obs-studio-master\plugins\live2d-plugin\gl\glfw\src\cmakefiles\generate.stamp
e:\obspl\obs-studio-master\plugins\live2d-plugin\gl\glfw\src\minsizerel\glfw3.lib
e:\obs\obs-studio-master\plugins\live2d-plugin\gl\glfw\src\minsizerel\glfw3.lib
e:\obs\obs-studio-master\plugins\live2d-plugin\gl\glfw\src\glfw.dir\minsizerel\glfw.tlog\cl.10284.write.1.tlog
e:\obs\obs-studio-master\plugins\live2d-plugin\gl\glfw\src\glfw.dir\minsizerel\glfw.tlog\cl.command.1.tlog
e:\obs\obs-studio-master\plugins\live2d-plugin\gl\glfw\src\glfw.dir\minsizerel\glfw.tlog\cl.read.1.tlog
e:\obs\obs-studio-master\plugins\live2d-plugin\gl\glfw\src\glfw.dir\minsizerel\glfw.tlog\custombuild.command.1.tlog
e:\obs\obs-studio-master\plugins\live2d-plugin\gl\glfw\src\glfw.dir\minsizerel\glfw.tlog\custombuild.read.1.tlog
e:\obs\obs-studio-master\plugins\live2d-plugin\gl\glfw\src\glfw.dir\minsizerel\glfw.tlog\custombuild.write.1.tlog
e:\obs\obs-studio-master\plugins\live2d-plugin\gl\glfw\src\glfw.dir\minsizerel\glfw.tlog\lib-link.read.1.tlog
e:\obs\obs-studio-master\plugins\live2d-plugin\gl\glfw\src\glfw.dir\minsizerel\glfw.tlog\lib-link.write.1.tlog
e:\obs\obs-studio-master\plugins\live2d-plugin\gl\glfw\src\glfw.dir\minsizerel\glfw.tlog\lib.command.1.tlog
